<testsuites id="" name="" tests="42" failures="0" skipped="0" errors="0" time="67.78314900000001">
<testsuite name="smoke/smoke.spec.ts" timestamp="2025-11-03T08:37:52.355Z" hostname="chromium" tests="7" failures="0" skipped="0" time="26.495" errors="0">
<testcase name="Smoke Tests - Critical Path Verification › should load and render basic diagram" classname="smoke/smoke.spec.ts" time="3.545">
</testcase>
<testcase name="Smoke Tests - Critical Path Verification › should handle mode switching" classname="smoke/smoke.spec.ts" time="6.597">
</testcase>
<testcase name="Smoke Tests - Critical Path Verification › should handle examples and templates" classname="smoke/smoke.spec.ts" time="3.025">
</testcase>
<testcase name="Smoke Tests - Critical Path Verification › should handle basic operations" classname="smoke/smoke.spec.ts" time="2.734">
</testcase>
<testcase name="Smoke Tests - Critical Path Verification › should handle responsive layout" classname="smoke/smoke.spec.ts" time="2.207">
</testcase>
<testcase name="Smoke Tests - Critical Path Verification › should handle error conditions" classname="smoke/smoke.spec.ts" time="5.181">
</testcase>
<testcase name="Smoke Tests - Critical Path Verification › should handle network resilience" classname="smoke/smoke.spec.ts" time="3.206">
</testcase>
</testsuite>
<testsuite name="smoke/smoke.spec.ts" timestamp="2025-11-03T08:37:52.355Z" hostname="firefox" tests="7" failures="0" skipped="0" time="37.197" errors="0">
<testcase name="Smoke Tests - Critical Path Verification › should load and render basic diagram" classname="smoke/smoke.spec.ts" time="4.382">
</testcase>
<testcase name="Smoke Tests - Critical Path Verification › should handle mode switching" classname="smoke/smoke.spec.ts" time="9.212">
</testcase>
<testcase name="Smoke Tests - Critical Path Verification › should handle examples and templates" classname="smoke/smoke.spec.ts" time="5.606">
</testcase>
<testcase name="Smoke Tests - Critical Path Verification › should handle basic operations" classname="smoke/smoke.spec.ts" time="4.874">
</testcase>
<testcase name="Smoke Tests - Critical Path Verification › should handle responsive layout" classname="smoke/smoke.spec.ts" time="2.991">
</testcase>
<testcase name="Smoke Tests - Critical Path Verification › should handle error conditions" classname="smoke/smoke.spec.ts" time="5.971">
</testcase>
<testcase name="Smoke Tests - Critical Path Verification › should handle network resilience" classname="smoke/smoke.spec.ts" time="4.161">
</testcase>
</testsuite>
<testsuite name="smoke/smoke.spec.ts" timestamp="2025-11-03T08:37:52.355Z" hostname="webkit" tests="7" failures="0" skipped="0" time="28.543" errors="0">
<testcase name="Smoke Tests - Critical Path Verification › should load and render basic diagram" classname="smoke/smoke.spec.ts" time="3.499">
</testcase>
<testcase name="Smoke Tests - Critical Path Verification › should handle mode switching" classname="smoke/smoke.spec.ts" time="7.178">
</testcase>
<testcase name="Smoke Tests - Critical Path Verification › should handle examples and templates" classname="smoke/smoke.spec.ts" time="3.515">
</testcase>
<testcase name="Smoke Tests - Critical Path Verification › should handle basic operations" classname="smoke/smoke.spec.ts" time="2.94">
</testcase>
<testcase name="Smoke Tests - Critical Path Verification › should handle responsive layout" classname="smoke/smoke.spec.ts" time="2.42">
</testcase>
<testcase name="Smoke Tests - Critical Path Verification › should handle error conditions" classname="smoke/smoke.spec.ts" time="5.664">
</testcase>
<testcase name="Smoke Tests - Critical Path Verification › should handle network resilience" classname="smoke/smoke.spec.ts" time="3.327">
</testcase>
</testsuite>
<testsuite name="smoke/smoke.spec.ts" timestamp="2025-11-03T08:37:52.355Z" hostname="Mobile Chrome" tests="7" failures="0" skipped="0" time="30.4" errors="0">
<testcase name="Smoke Tests - Critical Path Verification › should load and render basic diagram" classname="smoke/smoke.spec.ts" time="3.98">
</testcase>
<testcase name="Smoke Tests - Critical Path Verification › should handle mode switching" classname="smoke/smoke.spec.ts" time="7.167">
</testcase>
<testcase name="Smoke Tests - Critical Path Verification › should handle examples and templates" classname="smoke/smoke.spec.ts" time="3.219">
</testcase>
<testcase name="Smoke Tests - Critical Path Verification › should handle basic operations" classname="smoke/smoke.spec.ts" time="2.842">
</testcase>
<testcase name="Smoke Tests - Critical Path Verification › should handle responsive layout" classname="smoke/smoke.spec.ts" time="2.842">
</testcase>
<testcase name="Smoke Tests - Critical Path Verification › should handle error conditions" classname="smoke/smoke.spec.ts" time="6.239">
</testcase>
<testcase name="Smoke Tests - Critical Path Verification › should handle network resilience" classname="smoke/smoke.spec.ts" time="4.111">
</testcase>
</testsuite>
<testsuite name="smoke/smoke.spec.ts" timestamp="2025-11-03T08:37:52.355Z" hostname="Mobile Safari" tests="7" failures="0" skipped="0" time="35.483" errors="0">
<testcase name="Smoke Tests - Critical Path Verification › should load and render basic diagram" classname="smoke/smoke.spec.ts" time="4.175">
</testcase>
<testcase name="Smoke Tests - Critical Path Verification › should handle mode switching" classname="smoke/smoke.spec.ts" time="7.896">
</testcase>
<testcase name="Smoke Tests - Critical Path Verification › should handle examples and templates" classname="smoke/smoke.spec.ts" time="5.255">
</testcase>
<testcase name="Smoke Tests - Critical Path Verification › should handle basic operations" classname="smoke/smoke.spec.ts" time="4.068">
</testcase>
<testcase name="Smoke Tests - Critical Path Verification › should handle responsive layout" classname="smoke/smoke.spec.ts" time="3.983">
</testcase>
<testcase name="Smoke Tests - Critical Path Verification › should handle error conditions" classname="smoke/smoke.spec.ts" time="6.025">
</testcase>
<testcase name="Smoke Tests - Critical Path Verification › should handle network resilience" classname="smoke/smoke.spec.ts" time="4.081">
</testcase>
</testsuite>
<testsuite name="smoke/smoke.spec.ts" timestamp="2025-11-03T08:37:52.355Z" hostname="iPad" tests="7" failures="0" skipped="0" time="26.849" errors="0">
<testcase name="Smoke Tests - Critical Path Verification › should load and render basic diagram" classname="smoke/smoke.spec.ts" time="3.782">
</testcase>
<testcase name="Smoke Tests - Critical Path Verification › should handle mode switching" classname="smoke/smoke.spec.ts" time="6.962">
</testcase>
<testcase name="Smoke Tests - Critical Path Verification › should handle examples and templates" classname="smoke/smoke.spec.ts" time="2.983">
</testcase>
<testcase name="Smoke Tests - Critical Path Verification › should handle basic operations" classname="smoke/smoke.spec.ts" time="2.831">
</testcase>
<testcase name="Smoke Tests - Critical Path Verification › should handle responsive layout" classname="smoke/smoke.spec.ts" time="2.249">
</testcase>
<testcase name="Smoke Tests - Critical Path Verification › should handle error conditions" classname="smoke/smoke.spec.ts" time="5.244">
</testcase>
<testcase name="Smoke Tests - Critical Path Verification › should handle network resilience" classname="smoke/smoke.spec.ts" time="2.798">
</testcase>
</testsuite>
</testsuites>